2024-10-11 08:51:35.056 - DBeaver 24.2.1.202409221725 is starting
2024-10-11 08:51:35.058 - OS: Mac OS X 14.6.1 (x86_64)
2024-10-11 08:51:35.058 - Java version: 17.0.6 by Eclipse Adoptium (64bit)
2024-10-11 08:51:35.058 - Install path: '/Applications/DBeaver.app/Contents/Eclipse'
2024-10-11 08:51:35.058 - Instance path: 'file:/Users/todd.erickson/.dotfiles/DBeaverData/workspace6/'
2024-10-11 08:51:35.060 - Memory available 64Mb/1024Mb
2024-10-11 08:51:35.073 - Initialize desktop platform...
2024-10-11 08:51:35.089 - send collected statistics
2024-10-11 08:51:35.477 - BounceCastle bundle found. Use JCE provider BC
> Start Core File Systems [org.eclipse.core.filesystem 1.11.0.v20240824-0952]
> Start Core Resource Management [org.eclipse.core.resources 3.21.0.v20240805-1607]
> Start Team Support Core [org.eclipse.team.core 3.10.500.v20240621-0541]
> Start DBeaver UI Navigator [org.jkiss.dbeaver.ui.navigator 1.0.139.202409221725]
2024-10-11 08:51:35.893 - Initialize base platform...
> Start DBeaver UI Editors - Base [org.jkiss.dbeaver.ui.editors.base 1.0.139.202409221725]
2024-10-11 08:51:35.926 - Platform initialized (853ms)
2024-10-11 08:51:36.035 - Starting instance server at http://localhost:54136
2024-10-11 08:51:36.046 - Run workbench
2024-10-11 08:51:36.047 - Create display
> Start Eclipse e4 Workbench SWT [org.eclipse.e4.ui.workbench.swt 0.17.500.v20240807-0911]
> Start Eclipse Application Services [org.eclipse.e4.core.services 2.4.400.v20240413-1529]
> Start Eclipse UI Application Services [org.eclipse.e4.ui.services 1.6.300.v20231201-1637]
> Start Eclipse e4 Progress View [org.eclipse.e4.ui.progress 0.4.600.v20240606-1020]
> Start Eclipse Bindings Support [org.eclipse.e4.ui.bindings 0.14.400.v20240321-1245]
> Start Eclipse e4 core commands [org.eclipse.e4.core.commands 1.1.400.v20240424-0444]
> Start EMF XML/XMI Persistence [org.eclipse.emf.ecore.xmi 2.38.0.v20240721-0634]
> Start Eclipse e4 Workbench Add-ons [org.eclipse.e4.ui.workbench.addons.swt 1.5.500.v20240620-1945]
> Start Eclipse e4 Workbench SWT Renderer [org.eclipse.e4.ui.workbench.renderers.swt 0.16.500.v20240727-1037]
> Start Eclipse Dependency Injection Extensions [org.eclipse.e4.core.di.extensions 0.18.300.v20240413-1529]
> Start Eclipse CSS SWT Support [org.eclipse.e4.ui.css.swt 0.15.400.v20240321-1245]
> Start Eclipse CSS SWT Theme Support [org.eclipse.e4.ui.css.swt.theme 0.14.400.v20240424-0956]
> Start Default Text Editor [org.eclipse.ui.editors 3.18.0.v20240807-0735]
> Start Text Editor Framework [org.eclipse.ui.workbench.texteditor 3.18.0.v20240819-1419]
2024-10-11 08:51:38.846 - Configure workbench window
> Start DBeaver SQL Model [org.jkiss.dbeaver.model.sql 1.0.129.202409221725]
2024-10-11 08:51:39.049 - Total database drivers: 119 (119)
> Start Help System Core [org.eclipse.help 3.10.400.v20240415-0528]
2024-10-11 08:51:39.206 - Create actions
2024-10-11 08:51:39.214 - Disable Eclipse action set 'org.eclipse.ui.edit.text.actionSet.annotationNavigation'
2024-10-11 08:51:39.215 - Disable Eclipse action set 'org.eclipse.ui.WorkingSetActionSet'
2024-10-11 08:51:39.215 - Disable Eclipse action set 'org.eclipse.ui.actionSet.openFiles'
2024-10-11 08:51:39.215 - Create workbench actions
2024-10-11 08:51:39.923 - Initialize workbench window
2024-10-11 08:51:39.931 - Finish initialization
> Start DBeaver UI Editors - Data [org.jkiss.dbeaver.ui.editors.data 1.0.139.202409221725]
> Start DBeaver UI Editors - SQL [org.jkiss.dbeaver.ui.editors.sql 1.0.139.202409221725]
> Start DBeaver SQL Terminal [org.jkiss.dbeaver.ui.editors.sql.terminal 1.0.115.202409221725]
> Start Core Compare Support [org.eclipse.compare.core 3.8.500.v20240524-2010]
> Start Internet Connection Management UI [org.eclipse.ui.net 1.5.400.v20240413-1529]
> Start Internet Connection Management [org.eclipse.core.net 1.5.500.v20240625-1706]
> Start DBeaver Sample Database [org.jkiss.dbeaver.ext.sample.database 1.0.176.202409221725]
> Start DBeaver Tip of the day [org.jkiss.dbeaver.ext.ui.tipoftheday 1.0.145.202409221725]
> Start GEF Classic Draw2d [org.eclipse.draw2d 3.17.0.202409021815]
> Start GEF Classic GEF (MVC) [org.eclipse.gef 3.19.0.202409021815]
> Start DBeaver ERD UI [org.jkiss.dbeaver.erd.ui 3.0.99.202409221725]
> Start DBeaver ERD Model [org.jkiss.dbeaver.erd.model 1.0.99.202409221725]
> Start DBeaver Dashboard UI [org.jkiss.dbeaver.ui.dashboard 1.0.136.202409221725]
> Start DBeaver Dashboards Model [org.jkiss.dbeaver.model.dashboard 1.0.12.202409221725]
> Start DBeaver UI Editors - Connections [org.jkiss.dbeaver.ui.editors.connection 1.0.130.202409221725]
> Start Console [org.eclipse.ui.console 3.14.100.v20240429-1358]
> Start Debug Core [org.eclipse.debug.core 3.21.500.v20240801-2219]
2024-10-11 08:51:44.865 - Open [https://dbeaver.io/product/version.xml]
> Start DBeaver JDBC Model [org.jkiss.dbeaver.model.jdbc 1.0.32.202409221725]
> Start DBeaver PostgreSQL Model [org.jkiss.dbeaver.ext.postgresql 2.1.212.202409221725]
Warning: NLS unused message: global_variable_oid_description in: org.jkiss.dbeaver.ext.postgresql.internal.PostgreSQLMessages
Warning: NLS missing message: pseudo_column_oid_description in: org.jkiss.dbeaver.ext.postgresql.internal.PostgreSQLMessages
> Start DBeaver SQL Language Semantic Model [org.jkiss.dbeaver.model.lsm 1.0.34.202409221725]
> Start DBeaver Tasks - Native Tools UI [org.jkiss.dbeaver.tasks.native.ui 1.0.117.202409221725]
> Start DBeaver PostgreSQL UI [org.jkiss.dbeaver.ext.postgresql.ui 1.0.115.202409221725]
> Start DBeaver Tasks - General UI [org.jkiss.dbeaver.tasks.ui 1.0.117.202409221725]
2024-10-11 08:51:45.440 - Connect with 'master prod' (postgres-jdbc-18485ddcd11-72a9abfc7f86071b)
> Start DBeaver GIS Support [org.jkiss.dbeaver.data.gis 1.0.163.202409221725]
2024-10-11 08:51:46.005 - Connection to localhost:30000 refused. Check that the hostname and port are correct and that the postmaster is accepting TCP/IP connections.
org.jkiss.dbeaver.model.exec.DBCConnectException: Connection to localhost:30000 refused. Check that the hostname and port are correct and that the postmaster is accepting TCP/IP connections.
	at org.jkiss.dbeaver.model.impl.jdbc.JDBCDataSource.openConnection(JDBCDataSource.java:267)
	at org.jkiss.dbeaver.ext.postgresql.model.PostgreDataSource.openConnection(PostgreDataSource.java:576)
	at org.jkiss.dbeaver.ext.postgresql.model.PostgreDataSource.loadAvailableDatabases(PostgreDataSource.java:206)
	at org.jkiss.dbeaver.ext.postgresql.model.PostgreDataSource.initializeRemoteInstance(PostgreDataSource.java:191)
	at org.jkiss.dbeaver.model.impl.jdbc.JDBCDataSource.<init>(JDBCDataSource.java:105)
	at org.jkiss.dbeaver.model.impl.jdbc.JDBCDataSource.<init>(JDBCDataSource.java:96)
	at org.jkiss.dbeaver.ext.postgresql.model.PostgreDataSource.<init>(PostgreDataSource.java:109)
	at org.jkiss.dbeaver.ext.postgresql.PostgreDataSourceProvider.openDataSource(PostgreDataSourceProvider.java:115)
	at org.jkiss.dbeaver.registry.DataSourceDescriptor.openDataSource(DataSourceDescriptor.java:1406)
	at org.jkiss.dbeaver.registry.DataSourceDescriptor.connect0(DataSourceDescriptor.java:1276)
	at org.jkiss.dbeaver.registry.DataSourceDescriptor.connect(DataSourceDescriptor.java:1061)
	at org.jkiss.dbeaver.runtime.jobs.ConnectJob.run(ConnectJob.java:78)
	at org.jkiss.dbeaver.model.runtime.AbstractJob.run(AbstractJob.java:117)
	at org.eclipse.core.internal.jobs.Worker.run(Worker.java:63)
Caused by: org.postgresql.util.PSQLException: Connection to localhost:30000 refused. Check that the hostname and port are correct and that the postmaster is accepting TCP/IP connections.
	at org.postgresql.Driver$ConnectThread.getResult(Driver.java:416)
	at org.postgresql.Driver.connect(Driver.java:271)
	at org.jkiss.dbeaver.model.impl.jdbc.JDBCConnectionOpener.run(JDBCConnectionOpener.java:109)
	at org.jkiss.dbeaver.model.impl.jdbc.JDBCConnectionOpener.run(JDBCConnectionOpener.java:83)
	at org.jkiss.dbeaver.model.impl.jdbc.JDBCDataSource.openConnection(JDBCDataSource.java:223)
	... 13 more
Caused by: java.net.ConnectException: Connection refused
	at java.base/sun.nio.ch.Net.pollConnect(Native Method)
	at java.base/sun.nio.ch.Net.pollConnectNow(Unknown Source)
	at java.base/sun.nio.ch.NioSocketImpl.timedFinishConnect(Unknown Source)
	at java.base/sun.nio.ch.NioSocketImpl.connect(Unknown Source)
	at java.base/java.net.SocksSocketImpl.connect(Unknown Source)
	at java.base/java.net.Socket.connect(Unknown Source)
	at org.postgresql.core.PGStream.createSocket(PGStream.java:231)
	at org.postgresql.core.PGStream.<init>(PGStream.java:95)
	at org.postgresql.core.v3.ConnectionFactoryImpl.tryConnect(ConnectionFactoryImpl.java:98)
	at org.postgresql.core.v3.ConnectionFactoryImpl.openConnectionImpl(ConnectionFactoryImpl.java:213)
	at org.postgresql.core.ConnectionFactory.openConnection(ConnectionFactory.java:51)
	at org.postgresql.jdbc.PgConnection.<init>(PgConnection.java:223)
	at org.postgresql.Driver.makeConnection(Driver.java:465)
	at org.postgresql.Driver.access$100(Driver.java:62)
	at org.postgresql.Driver$ConnectThread.run(Driver.java:375)
	at java.base/java.lang.Thread.run(Unknown Source)
