2024-10-03 16:00:57.599 - DBeaver 24.2.0.202409011551 is starting
2024-10-03 16:00:57.600 - OS: Mac OS X 14.6.1 (x86_64)
2024-10-03 16:00:57.600 - Java version: 17.0.6 by Eclipse Adoptium (64bit)
2024-10-03 16:00:57.601 - Install path: '/Applications/DBeaver.app/Contents/Eclipse'
2024-10-03 16:00:57.601 - Instance path: 'file:/Users/todd.erickson/Library/DBeaverData/workspace6/'
2024-10-03 16:00:57.603 - Memory available 64Mb/1024Mb
2024-10-03 16:00:57.620 - Initialize desktop platform...
2024-10-03 16:00:57.634 - send collected statistics
2024-10-03 16:00:57.804 - BounceCastle bundle found. Use JCE provider BC
> Start Core File Systems [org.eclipse.core.filesystem 1.10.400.v20240426-1040]
> Start Core Resource Management [org.eclipse.core.resources 3.20.200.v20240513-1323]
> Start DBeaver UI Navigator [org.jkiss.dbeaver.ui.navigator 1.0.138.202409011551]
> Start Team Support Core [org.eclipse.team.core 3.10.400.v20240413-1529]
2024-10-03 16:00:58.615 - Initialize base platform...
2024-10-03 16:00:58.659 - Platform initialized (1039ms)
> Start DBeaver UI Editors - Base [org.jkiss.dbeaver.ui.editors.base 1.0.138.202409011551]
2024-10-03 16:00:58.966 - Starting instance server at http://localhost:54646
2024-10-03 16:00:58.981 - Run workbench
2024-10-03 16:00:58.981 - Create display
> Start Eclipse e4 Workbench SWT [org.eclipse.e4.ui.workbench.swt 0.17.400.v20240425-0840]
> Start Eclipse Application Services [org.eclipse.e4.core.services 2.4.400.v20240413-1529]
> Start Eclipse UI Application Services [org.eclipse.e4.ui.services 1.6.300.v20231201-1637]
> Start Eclipse e4 Progress View [org.eclipse.e4.ui.progress 0.4.400.v20240424-0956]
> Start Eclipse Bindings Support [org.eclipse.e4.ui.bindings 0.14.400.v20240321-1245]
> Start Eclipse e4 core commands [org.eclipse.e4.core.commands 1.1.400.v20240424-0444]
> Start EMF XML/XMI Persistence [org.eclipse.emf.ecore.xmi 2.37.0.v20231208-1346]
> Start Eclipse e4 Workbench Add-ons [org.eclipse.e4.ui.workbench.addons.swt 1.5.400.v20240416-0658]
> Start Eclipse e4 Workbench SWT Renderer [org.eclipse.e4.ui.workbench.renderers.swt 0.16.400.v20240418-1547]
> Start Eclipse Dependency Injection Extensions [org.eclipse.e4.core.di.extensions 0.18.300.v20240413-1529]
> Start Eclipse CSS SWT Support [org.eclipse.e4.ui.css.swt 0.15.400.v20240321-1245]
> Start Eclipse CSS SWT Theme Support [org.eclipse.e4.ui.css.swt.theme 0.14.400.v20240424-0956]
> Start Default Text Editor [org.eclipse.ui.editors 3.17.300.v20240524-2010]
> Start Text Editor Framework [org.eclipse.ui.workbench.texteditor 3.17.400.v20240524-2010]
2024-10-03 16:01:01.598 - Configure workbench window
> Start DBeaver SQL Model [org.jkiss.dbeaver.model.sql 1.0.128.202409011551]
2024-10-03 16:01:01.790 - Total database drivers: 118 (118)
> Start Help System Core [org.eclipse.help 3.10.400.v20240415-0528]
2024-10-03 16:01:01.910 - Create actions
2024-10-03 16:01:01.916 - Disable Eclipse action set 'org.eclipse.ui.edit.text.actionSet.annotationNavigation'
2024-10-03 16:01:01.917 - Disable Eclipse action set 'org.eclipse.ui.WorkingSetActionSet'
2024-10-03 16:01:01.917 - Disable Eclipse action set 'org.eclipse.ui.actionSet.openFiles'
2024-10-03 16:01:01.917 - Create workbench actions
2024-10-03 16:01:02.400 - Initialize workbench window
2024-10-03 16:01:02.406 - Finish initialization
> Start DBeaver UI Editors - Data [org.jkiss.dbeaver.ui.editors.data 1.0.138.202409011551]
> Start DBeaver UI Editors - SQL [org.jkiss.dbeaver.ui.editors.sql 1.0.138.202409011551]
> Start DBeaver SQL Terminal [org.jkiss.dbeaver.ui.editors.sql.terminal 1.0.114.202409011551]
> Start Core Compare Support [org.eclipse.compare.core 3.8.500.v20240524-2010]
> Start Internet Connection Management UI [org.eclipse.ui.net 1.5.400.v20240413-1529]
> Start Internet Connection Management [org.eclipse.core.net 1.5.400.v20240413-1529]
2024-10-03 16:01:08.225 - Open [https://dbeaver.io/product/version.xml]
> Start DBeaver Sample Database [org.jkiss.dbeaver.ext.sample.database 1.0.175.202409011551]
> Start DBeaver Tip of the day [org.jkiss.dbeaver.ext.ui.tipoftheday 1.0.144.202409011551]
> Start GEF Classic Draw2d [org.eclipse.draw2d 3.16.0.202405290843]
> Start GEF Classic GEF (MVC) [org.eclipse.gef 3.18.0.202405290843]
> Start DBeaver ERD UI [org.jkiss.dbeaver.erd.ui 3.0.98.202409011551]
> Start DBeaver ERD Model [org.jkiss.dbeaver.erd.model 1.0.98.202409011551]
> Start DBeaver Dashboard UI [org.jkiss.dbeaver.ui.dashboard 1.0.135.202409011551]
> Start DBeaver Dashboards Model [org.jkiss.dbeaver.model.dashboard 1.0.11.202409011551]
> Start DBeaver UI Editors - Connections [org.jkiss.dbeaver.ui.editors.connection 1.0.129.202409011551]
> Start Console [org.eclipse.ui.console 3.14.100.v20240429-1358]
> Start Debug Core [org.eclipse.debug.core 3.21.400.v20240415-0528]
> Start DBeaver SQL Language Semantic Model [org.jkiss.dbeaver.model.lsm 1.0.33.202409011551]
> Start DBeaver Tasks - Native Tools UI [org.jkiss.dbeaver.tasks.native.ui 1.0.116.202409011551]
> Start DBeaver PostgreSQL UI [org.jkiss.dbeaver.ext.postgresql.ui 1.0.114.202409011551]
> Start DBeaver Tasks - General UI [org.jkiss.dbeaver.tasks.ui 1.0.116.202409011551]
2024-10-03 16:01:10.498 - Connect with 'master prod' (postgres-jdbc-18485ddcd11-72a9abfc7f86071b)
> Start DBeaver JDBC Model [org.jkiss.dbeaver.model.jdbc 1.0.31.202409011551]
> Start DBeaver PostgreSQL Model [org.jkiss.dbeaver.ext.postgresql 2.1.211.202409011551]
> Start DBeaver GIS Support [org.jkiss.dbeaver.data.gis 1.0.162.202409011551]
2024-10-03 16:01:12.904 - Execution context opened (master prod; Main <master>; 0)
2024-10-03 16:01:12.905 - Initiate connection to PostgreSQL database [master@localhost] for Main <master>
2024-10-03 16:01:15.766 - Execution context opened (master prod; Metadata <master>; 1)
2024-10-03 16:01:15.767 - Initiate connection to PostgreSQL database [master@localhost] for Metadata <master>
2024-10-03 16:01:19.889 - Connected (postgres-jdbc-18485ddcd11-72a9abfc7f86071b, PostgreSQL JDBC Driver [42.2.20])
2024-10-03 16:01:19.891 - Execution context opened (master prod; SQLEditor <User analysis.sql>; 2)
2024-10-03 16:01:19.892 - Initiate connection to PostgreSQL database [master@localhost] for SQLEditor <User analysis.sql>
2024-10-03 16:01:23.879 - Downloading installation file to /var/folders/xl/dw4_y7bx3cvb_kqlv14c5ptm0000gp/T/dbeaver-ce-latest-macos-x86_64.dmg16516297519875009311/dbeaver-ce-latest-macos-x86_64.dmg
2024-10-03 16:01:23.879 - Open [https://dbeaver.io/files/dbeaver-ce-latest-macos-x86_64.dmg]
2024-10-03 16:03:15.162 - Execution context closed (master prod, 2)
2024-10-03 16:03:16.202 - DBeaver is stopping
2024-10-03 16:03:16.202 - Stop instance server
2024-10-03 16:03:17.213 - DBeaver shutdown completed
